# THERMINATOR 2 Log File
[2019-02-07 13:15:19]	therm2_events	0	[input]	./events.ini	0
[2019-02-07 13:15:19]	therm2_events	0	[input]	./fomodel/blastwave.ini
[2019-02-11 06:15:35]	therm2_events	0	[input]	./events.ini	0
[2019-02-11 06:15:35]	therm2_events	0	[input]	./fomodel/SR.ini
[2019-02-11 06:15:45]	therm2_events	0	[input]	./events.ini	0
[2019-02-11 06:15:45]	therm2_events	0	[input]	./fomodel/SR.ini
[2019-02-11 06:22:21]	therm2_events	0	[input]	./events.ini	0
[2019-02-11 06:22:21]	therm2_events	0	[input]	./fomodel/SR.ini
[2019-02-11 06:23:19]	therm2_events	0	[input]	./events.ini	0
[2019-02-11 06:23:19]	therm2_events	0	[input]	./fomodel/SR.ini
[2019-02-11 06:30:45]	therm2_events	0	[output]	./events/sr/	fmultiplicity_CF8D7E18.txt
[2019-02-11 06:41:40]	therm2_events	0	[input]	./events.ini	0
[2019-02-11 06:41:40]	therm2_events	0	[input]	./fomodel/SR.ini
[2019-02-11 06:41:40]	therm2_events	0	[input]	./events/sr/fmultiplicity_CF8D7E18.txt
[2019-02-11 06:42:22]	therm2_events	0	[input]	./events.ini	0
[2019-02-11 06:42:22]	therm2_events	0	[input]	./fomodel/SR.ini
[2019-02-11 06:49:44]	therm2_events	0	[output]	./events/sr/	fmultiplicity_CF8D7E18.txt
[2019-02-11 08:13:08]	therm2_events	0	[input]	./events.ini	0
[2019-02-11 08:13:08]	therm2_events	0	[input]	./fomodel/SR.ini
[2019-02-11 08:23:00]	therm2_events	0	[output]	./events/sr/	fmultiplicity_EBA25AAF.txt
[2019-02-11 10:07:55]	therm2_events	0	[input]	./events.ini	0
[2019-02-11 10:07:55]	therm2_events	0	[input]	./fomodel/SR.ini
[2019-02-11 10:07:55]	therm2_events	0	[input]	./events/sr/fmultiplicity_EBA25AAF.txt
[2019-02-11 10:25:38]	therm2_events	0	[input]	./events.ini	0
[2019-02-11 10:25:38]	therm2_events	0	[input]	./fomodel/SR.ini
[2019-02-11 10:25:38]	therm2_events	0	[input]	./events/sr/fmultiplicity_EBA25AAF.txt
[2019-02-11 10:25:57]	therm2_events	0	[input]	./events.ini	0
[2019-02-11 10:25:57]	therm2_events	0	[input]	./fomodel/SR.ini
[2019-02-11 10:27:48]	therm2_events	0	[input]	./events.ini	0
[2019-02-11 10:27:48]	therm2_events	0	[input]	./fomodel/SR.ini
[2019-02-11 10:28:25]	therm2_events	0	[input]	./events.ini	0
[2019-02-11 10:28:25]	therm2_events	0	[input]	./fomodel/SR.ini
[2019-02-11 10:28:42]	therm2_events	0	[input]	./events.ini	0
[2019-02-11 10:28:42]	therm2_events	0	[input]	./fomodel/SR.ini
[2019-02-11 10:29:27]	therm2_events	0	[input]	./events.ini	0
[2019-02-11 10:29:27]	therm2_events	0	[input]	./fomodel/SR.ini
[2019-02-11 10:29:38]	therm2_events	0	[input]	./events.ini	0
[2019-02-11 10:29:38]	therm2_events	0	[input]	./fomodel/SR.ini
[2019-02-11 10:40:17]	therm2_events	0	[output]	./events/sr/	fmultiplicity_EBA25AAF.txt
[2019-02-11 11:15:06]	therm2_events	0	[input]	./events.ini	0
[2019-02-11 11:15:06]	therm2_events	0	[input]	./fomodel/SR.ini
[2019-02-11 11:15:07]	therm2_events	0	[input]	./events/sr/fmultiplicity_EBA25AAF.txt
[2019-02-11 11:16:09]	therm2_events	0	[input]	./events.ini	0
[2019-02-11 11:16:09]	therm2_events	0	[input]	./fomodel/blastwave.ini
[2019-02-11 11:16:54]	therm2_events	0	[input]	./events.ini	0
[2019-02-11 11:16:54]	therm2_events	0	[input]	./fomodel/SR.ini
[2019-02-11 11:16:54]	therm2_events	0	[input]	./events/sr/fmultiplicity_EBA25AAF.txt
[2019-02-11 11:17:21]	therm2_events	0	[input]	./events.ini	0
[2019-02-11 11:17:21]	therm2_events	0	[input]	./fomodel/SR.ini
[2019-02-11 11:17:42]	therm2_events	0	[input]	./events.ini	0
[2019-02-11 11:17:42]	therm2_events	0	[input]	./fomodel/SR.ini
[2019-02-11 11:32:56]	therm2_events	0	[output]	./events/sr/	fmultiplicity_EBA25AAF.txt
[2019-02-11 11:33:38]	therm2_events	0	[input]	./events.ini	0
[2019-02-11 11:33:38]	therm2_events	0	[input]	./fomodel/SR.ini
[2019-02-11 11:33:38]	therm2_events	0	[input]	./events/sr/fmultiplicity_EBA25AAF.txt
[2019-02-11 11:39:29]	therm2_events	0	[input]	./events.ini	0
[2019-02-11 11:39:29]	therm2_events	0	[input]	./fomodel/SR.ini
[2019-02-11 11:39:29]	therm2_events	0	[input]	./events/sr/fmultiplicity_EBA25AAF.txt
[2019-02-11 11:43:55]	therm2_events	0	[input]	./events.ini	0
[2019-02-11 11:43:55]	therm2_events	0	[input]	./fomodel/SR.ini
[2019-02-11 11:43:55]	therm2_events	0	[input]	./events/sr/fmultiplicity_EBA25AAF.txt
[2019-02-11 11:44:18]	therm2_events	0	[input]	./events.ini	0
[2019-02-11 11:44:18]	therm2_events	0	[input]	./fomodel/SR.ini
[2019-02-11 11:44:18]	therm2_events	0	[input]	./events/sr/fmultiplicity_EBA25AAF.txt
[2019-02-11 11:45:01]	therm2_events	0	[input]	./events.ini	0
[2019-02-11 11:45:01]	therm2_events	0	[input]	./fomodel/SR.ini
[2019-02-11 11:57:33]	therm2_events	0	[input]	./events.ini	0
[2019-02-11 11:57:33]	therm2_events	0	[input]	./fomodel/SR.ini
[2019-02-11 11:57:34]	therm2_events	0	[output]	./events/sr/	fmultiplicity_EBA25AAF.txt
[2019-02-11 12:02:48]	therm2_events	0	[input]	./events.ini	0
[2019-02-11 12:02:48]	therm2_events	0	[input]	./fomodel/SR.ini
[2019-02-11 12:02:49]	therm2_events	0	[output]	./events/sr/	fmultiplicity_EBA25AAF.txt
[2019-02-11 12:07:36]	therm2_events	0	[input]	./events.ini	0
[2019-02-11 12:07:36]	therm2_events	0	[input]	./fomodel/SR.ini
[2019-02-11 12:09:08]	therm2_events	0	[output]	./events/sr/	fmultiplicity_EBA25AAF.txt
[2019-02-11 12:12:18]	therm2_events	0	[input]	./events.ini	0
[2019-02-11 12:12:18]	therm2_events	0	[input]	./fomodel/SR.ini
[2019-02-11 12:13:50]	therm2_events	0	[output]	./events/sr/	fmultiplicity_7D269BD1.txt
[2019-02-11 12:16:25]	therm2_events	0	[input]	./events.ini	0
[2019-02-11 12:16:25]	therm2_events	0	[input]	./fomodel/SR.ini
[2019-02-11 12:17:57]	therm2_events	0	[output]	./events/sr/	fmultiplicity_3C38A7B7.txt
[2019-02-11 12:17:57]	therm2_events	0	[output]	./events/sr/	"event000.root"	[events]	1	500	500
[2019-02-11 13:46:02]	therm2_events	0	[input]	./events.ini	0
[2019-02-11 13:46:02]	therm2_events	0	[input]	./fomodel/SR.ini
[2019-02-11 13:47:33]	therm2_events	0	[output]	./events/sr/	fmultiplicity_7D269BD1.txt
[2019-02-11 13:47:33]	therm2_events	0	[output]	./events/sr/	"event000.root"	[events]	1	500	500
[2019-02-11 13:51:43]	therm2_events	0	[input]	./events.ini	0
[2019-02-11 13:51:43]	therm2_events	0	[input]	./fomodel/SR.ini
[2019-02-11 13:53:15]	therm2_events	0	[output]	./events/sr/	fmultiplicity_7D269BD1.txt
[2019-02-11 13:53:15]	therm2_events	0	[output]	./events/sr/	"event000.root"	[events]	1	500	500
[2019-02-11 14:51:34]	therm2_events	0	[input]	./events.ini	0
[2019-02-11 14:51:34]	therm2_events	0	[input]	./fomodel/SR.ini
[2019-02-11 14:53:11]	therm2_events	0	[output]	./events/sr/	fmultiplicity_7046C866.txt
[2019-02-11 14:53:15]	therm2_events	0	[output]	./events/sr/	"event001.root-event010.root"	[events]	10	5000	500
[2019-02-11 16:06:05]	therm2_events	0	[input]	./events.ini	0
[2019-02-11 16:06:05]	therm2_events	0	[input]	./fomodel/SR.ini
[2019-02-11 16:07:37]	therm2_events	0	[output]	./events/sr/	fmultiplicity_7046C866.txt
[2019-02-11 16:07:41]	therm2_events	0	[output]	./events/sr/	"event000.root-event009.root"	[events]	10	5000	500
[2019-02-11 16:10:37]	therm2_events	0	[input]	./events.ini	0
[2019-02-11 16:10:37]	therm2_events	0	[input]	./fomodel/SR.ini
[2019-02-11 16:12:25]	therm2_events	0	[input]	./events.ini	0
[2019-02-11 16:12:25]	therm2_events	0	[input]	./fomodel/SR.ini
[2019-02-11 16:12:50]	therm2_events	0	[input]	./events.ini	0
[2019-02-11 16:12:50]	therm2_events	0	[input]	./fomodel/SR.ini
[2019-02-11 16:18:02]	therm2_events	0	[input]	./events.ini	0
[2019-02-11 16:18:02]	therm2_events	0	[input]	./fomodel/SR.ini
[2019-02-11 16:19:05]	therm2_events	0	[input]	./events.ini	0
[2019-02-11 16:19:05]	therm2_events	0	[input]	./fomodel/SR.ini
[2019-02-11 16:21:21]	therm2_events	0	[input]	./events.ini	0
[2019-02-11 16:21:21]	therm2_events	0	[input]	./fomodel/SR.ini
[2019-02-11 16:22:54]	therm2_events	0	[output]	./events/sr/	fmultiplicity_7046C866.txt
[2019-02-11 16:22:57]	therm2_events	0	[output]	./events/sr/	"event000.root-event009.root"	[events]	10	5000	500
[2019-02-11 16:26:07]	therm2_events	0	[input]	./events.ini	0
[2019-02-11 16:26:07]	therm2_events	0	[input]	./fomodel/SR.ini
[2019-02-11 16:27:37]	therm2_events	0	[output]	./events/sr/	fmultiplicity_3ACC3EF6.txt
[2019-02-11 16:27:37]	therm2_events	0	[output]	./events/sr/	"event000.root-event009.root"	[events]	10	5000	500
[2019-02-11 16:53:42]	therm2_events	0	[input]	./events.ini	0
[2019-02-11 16:53:42]	therm2_events	0	[input]	./fomodel/SR.ini
[2019-02-11 16:55:17]	therm2_events	0	[output]	./events/sr/	fmultiplicity_9A637984.txt
[2019-02-11 16:55:26]	therm2_events	0	[output]	./events/sr/	"event000.root-event009.root"	[events]	10	5000	500
[2019-02-11 17:00:56]	therm2_events	0	[input]	./events.ini	0
[2019-02-11 17:00:56]	therm2_events	0	[input]	./fomodel/SR.ini
[2019-02-11 17:02:30]	therm2_events	0	[output]	./events/sr/	fmultiplicity_A1E26BB8.txt
[2019-02-11 18:21:35]	therm2_events	0	[input]	./events.ini	0
[2019-02-11 18:21:35]	therm2_events	0	[input]	./fomodel/SR.ini
[2019-02-11 18:23:09]	therm2_events	0	[output]	./events/sr/	fmultiplicity_A1E26BB8.txt
[2019-02-11 20:31:21]	therm2_events	0	[input]	./events.ini	0
[2019-02-11 20:31:21]	therm2_events	0	[input]	./fomodel/SR.ini
[2019-02-11 20:32:54]	therm2_events	0	[output]	./events/sr/	fmultiplicity_A1E26BB8.txt
[2019-02-11 20:36:28]	therm2_events	0	[input]	./events.ini	0
[2019-02-11 20:36:28]	therm2_events	0	[input]	./fomodel/SR.ini
[2019-02-11 20:38:34]	therm2_events	0	[input]	./events.ini	0
[2019-02-11 20:38:34]	therm2_events	0	[input]	./fomodel/SR.ini
[2019-02-11 20:40:09]	therm2_events	0	[output]	./events/sr/	fmultiplicity_A1E26BB8.txt
[2019-02-11 20:51:19]	therm2_events	0	[input]	./events.ini	0
[2019-02-11 20:51:19]	therm2_events	0	[input]	./fomodel/SR.ini
[2019-02-11 20:53:05]	therm2_events	0	[output]	./events/sr/	fmultiplicity_A1E26BB8.txt
[2019-02-11 21:18:56]	therm2_events	0	[input]	./events.ini	0
[2019-02-11 21:18:56]	therm2_events	0	[input]	./fomodel/SR.ini
[2019-02-11 21:19:07]	therm2_events	0	[output]	./events/sr/	fmultiplicity_A1E26BB8.txt
[2019-02-11 21:24:52]	therm2_events	0	[input]	./events.ini	0
[2019-02-11 21:24:52]	therm2_events	0	[input]	./fomodel/SR.ini
[2019-02-11 21:25:02]	therm2_events	0	[output]	./events/sr/	fmultiplicity_A1E26BB8.txt
[2019-02-11 21:28:12]	therm2_events	0	[input]	./events.ini	0
[2019-02-11 21:28:12]	therm2_events	0	[input]	./fomodel/SR.ini
[2019-02-11 21:28:24]	therm2_events	0	[output]	./events/sr/	fmultiplicity_A1E26BB8.txt
[2019-02-11 21:35:03]	therm2_events	0	[input]	./events.ini	0
[2019-02-11 21:35:03]	therm2_events	0	[input]	./fomodel/SR.ini
[2019-02-11 21:35:14]	therm2_events	0	[output]	./events/sr/	fmultiplicity_A1E26BB8.txt
[2019-02-11 21:54:31]	therm2_events	0	[input]	./events.ini	0
[2019-02-11 21:54:31]	therm2_events	0	[input]	./fomodel/SR.ini
[2019-02-11 21:54:42]	therm2_events	0	[output]	./events/sr/	fmultiplicity_A1E26BB8.txt
[2019-02-11 21:55:04]	therm2_events	0	[output]	./events/sr/	"event000.root"	[events]	1	500	500
[2019-02-11 21:58:54]	therm2_events	0	[input]	./events.ini	0
[2019-02-11 21:58:54]	therm2_events	0	[input]	./fomodel/SR.ini
[2019-02-11 21:59:05]	therm2_events	0	[output]	./events/sr/	fmultiplicity_A1E26BB8.txt
[2019-02-11 22:02:28]	therm2_events	0	[input]	./events.ini	0
[2019-02-11 22:02:28]	therm2_events	0	[input]	./fomodel/SR.ini
[2019-02-11 22:02:39]	therm2_events	0	[output]	./events/sr/	fmultiplicity_A1E26BB8.txt
[2019-02-11 22:05:41]	therm2_events	0	[input]	./events.ini	0
[2019-02-11 22:05:41]	therm2_events	0	[input]	./fomodel/SR.ini
[2019-02-11 22:05:52]	therm2_events	0	[output]	./events/sr/	fmultiplicity_A1E26BB8.txt
[2019-02-11 22:16:54]	therm2_events	0	[input]	./events.ini	0
[2019-02-11 22:16:54]	therm2_events	0	[input]	./fomodel/SR.ini
[2019-02-11 22:22:17]	therm2_events	0	[input]	./events.ini	0
[2019-02-11 22:22:17]	therm2_events	0	[input]	./fomodel/SR.ini
[2019-02-11 22:22:29]	therm2_events	0	[input]	./events.ini	0
[2019-02-11 22:22:29]	therm2_events	0	[input]	./fomodel/SR.ini
[2019-02-11 22:31:33]	therm2_events	0	[input]	./events.ini	0
[2019-02-11 22:31:33]	therm2_events	0	[input]	./fomodel/SR.ini
[2019-02-11 22:32:34]	therm2_events	0	[input]	./events.ini	0
[2019-02-11 22:32:34]	therm2_events	0	[input]	./fomodel/SR.ini
[2019-02-11 22:32:45]	therm2_events	0	[output]	./events/sr/	fmultiplicity_A1E26BB8.txt
[2019-02-11 22:33:59]	therm2_events	0	[input]	./events.ini	0
[2019-02-11 22:33:59]	therm2_events	0	[input]	./fomodel/SR.ini
[2019-02-11 22:34:09]	therm2_events	0	[output]	./events/sr/	fmultiplicity_A1E26BB8.txt
[2019-02-11 22:34:22]	therm2_events	0	[output]	./events/sr/	"event000.root"	[events]	1	500	500
[2019-02-11 22:35:19]	therm2_events	0	[input]	./events.ini	0
[2019-02-11 22:35:19]	therm2_events	0	[input]	./fomodel/SR.ini
[2019-02-11 22:36:52]	therm2_events	0	[output]	./events/sr/	fmultiplicity_A1E26BB8.txt
[2019-02-11 23:02:41]	therm2_events	0	[output]	./events/sr/	"event000.root-event099.root"	[events]	100	50000	500
[2019-02-12 11:11:44]	therm2_events	0	[input]	./events.ini	0
[2019-02-12 11:11:44]	therm2_events	0	[input]	./fomodel/SR.ini
[2019-02-12 11:13:17]	therm2_events	0	[output]	./events_final/sr/	fmultiplicity_D36DE9B0.txt
[2019-02-12 11:25:40]	therm2_events	0	[output]	./events_final/sr/	"event000.root-event009.root"	[events]	10	5000	500
[2019-02-12 12:11:14]	therm2_events	0	[input]	./events.ini	0
[2019-02-12 12:11:14]	therm2_events	0	[input]	./fomodel/SR.ini
[2019-02-12 12:12:47]	therm2_events	0	[output]	./events_dummypar/sr/	fmultiplicity_E1C17419.txt
[2019-02-12 12:15:20]	therm2_events	0	[output]	./events_dummypar/sr/	"event000.root-event009.root"	[events]	10	5000	500
[2019-02-12 12:30:45]	therm2_events	0	[input]	./events.ini	0
[2019-02-12 12:30:45]	therm2_events	0	[input]	./fomodel/SR.ini
[2019-02-12 12:30:45]	therm2_events	0	[input]	./events_dummypar/sr/fmultiplicity_E1C17419.txt
[2019-02-12 12:56:24]	therm2_events	0	[output]	./events_dummypar/sr/	"event010.root-event109.root"	[events]	100	50000	500
[2019-02-12 15:01:46]	therm2_events	0	[input]	./events.ini	0
[2019-02-12 15:01:46]	therm2_events	0	[input]	./fomodel/SR.ini
[2019-02-12 15:03:20]	therm2_events	0	[output]	./events_dummypar_gs040/sr/	fmultiplicity_E1C17419.txt
[2019-02-12 15:29:02]	therm2_events	0	[output]	./events_dummypar_gs040/sr/	"event000.root-event099.root"	[events]	100	50000	500
[2019-02-12 16:21:16]	therm2_events	0	[input]	./events.ini	0
[2019-02-12 16:21:16]	therm2_events	0	[input]	./fomodel/SR.ini
[2019-02-12 16:22:51]	therm2_events	0	[output]	./events_dummypar_gs000_muIm50/sr/	fmultiplicity_FCC444A1.txt
[2019-02-12 16:51:11]	therm2_events	0	[output]	./events_dummypar_gs000_muIm50/sr/	"event000.root-event099.root"	[events]	100	50000	500
[2019-02-12 18:14:49]	therm2_events	0	[input]	./events.ini	0
[2019-02-12 18:14:49]	therm2_events	0	[input]	./fomodel/SR.ini
[2019-02-12 18:16:22]	therm2_events	0	[output]	./events_dummypar_gs000_muIm20_muSp140/sr/	fmultiplicity_CAEC27DA.txt
[2019-02-12 18:41:56]	therm2_events	0	[output]	./events_dummypar_gs000_muIm20_muSp140/sr/	"event000.root-event099.root"	[events]	100	50000	500
[2019-02-12 18:42:48]	therm2_events	0	[input]	./events.ini	0
[2019-02-12 18:42:48]	therm2_events	0	[input]	./fomodel/SR.ini
[2019-02-12 18:44:21]	therm2_events	0	[output]	./events_dummypar_gs004_muIm20_muSp150/sr/	fmultiplicity_D3F7169B.txt
[2019-02-12 19:09:55]	therm2_events	0	[output]	./events_dummypar_gs004_muIm20_muSp150/sr/	"event000.root-event099.root"	[events]	100	50000	500
[2019-02-12 19:17:28]	therm2_events	0	[input]	./events.ini	0
[2019-02-12 19:17:28]	therm2_events	0	[input]	./fomodel/SR.ini
[2019-02-12 19:19:01]	therm2_events	0	[output]	./events_dummypar_gs004_muIm20_muSp160/sr/	fmultiplicity_F8DA4558.txt
[2019-02-12 19:44:27]	therm2_events	0	[output]	./events_dummypar_gs004_muIm20_muSp160/sr/	"event000.root-event099.root"	[events]	100	50000	500
[2019-02-12 20:05:15]	therm2_events	0	[input]	./events.ini	0
[2019-02-12 20:05:15]	therm2_events	0	[input]	./fomodel/SR.ini
[2019-02-12 20:06:49]	therm2_events	0	[output]	./events_dummypar_gs0027_muIm20_muSp160/sr/	fmultiplicity_F8DA4558.txt
[2019-02-12 20:32:22]	therm2_events	0	[output]	./events_dummypar_gs0027_muIm20_muSp160/sr/	"event000.root-event099.root"	[events]	100	50000	500
[2019-02-13 13:42:38]	therm2_events	0	[input]	./events.ini	0
[2019-02-13 13:42:38]	therm2_events	0	[input]	./fomodel/SR.ini
[2019-02-13 13:42:38]	therm2_events	0	[input]	./events_dummypar_gs0027_muIm20_muSp160/sr/fmultiplicity_F8DA4558.txt
[2019-02-13 15:32:48]	therm2_events	0	[input]	./events.ini	0
[2019-02-13 15:32:48]	therm2_events	0	[input]	./fomodel/SR.ini
[2019-02-13 15:34:22]	therm2_events	0	[output]	./events_calcpar01/sr/	fmultiplicity_7912063F.txt
[2019-02-15 11:51:12]	therm2_events	0	[input]	./events.ini	0
[2019-02-15 11:51:12]	therm2_events	0	[input]	./fomodel/blastwave.ini
[2019-02-15 12:08:07]	therm2_events	0	[output]	./events/blastwave_set4/	fmultiplicity_90EEF254.txt
[2019-02-20 14:17:29]	therm2_events	0	[input]	./events.ini	0
[2019-02-20 14:17:29]	therm2_events	0	[input]	./fomodel/blastwave.ini
[2019-02-20 14:17:30]	therm2_events	0	[output]	./events_seed1_a/blastwave_set4/	fmultiplicity_90EEF254.txt
[2019-02-20 14:18:22]	therm2_events	0	[output]	./events_seed1_a/blastwave_set4/	"event000.root"	[events]	1	500	500
[2019-02-20 14:18:34]	therm2_events	0	[input]	./events.ini	0
[2019-02-20 14:18:34]	therm2_events	0	[input]	./fomodel/blastwave.ini
[2019-02-20 14:18:35]	therm2_events	0	[output]	./events_seed1_b/blastwave_set4/	fmultiplicity_90EEF254.txt
[2019-02-20 14:19:28]	therm2_events	0	[output]	./events_seed1_b/blastwave_set4/	"event000.root"	[events]	1	500	500
[2019-02-20 14:20:13]	therm2_events	0	[input]	./events.ini	0
[2019-02-20 14:20:13]	therm2_events	0	[input]	./fomodel/blastwave.ini
[2019-02-20 14:20:14]	therm2_events	0	[output]	./events_seed2_a/blastwave_set4/	fmultiplicity_90EEF254.txt
[2019-02-20 14:21:33]	therm2_events	0	[output]	./events_seed2_a/blastwave_set4/	"event000.root"	[events]	1	500	500
[2019-02-20 14:22:13]	therm2_events	0	[input]	./events.ini	0
[2019-02-20 14:22:13]	therm2_events	0	[input]	./fomodel/blastwave.ini
[2019-02-20 14:22:14]	therm2_events	0	[output]	./events_seed2_b/blastwave_set4/	fmultiplicity_90EEF254.txt
[2019-02-20 14:23:34]	therm2_events	0	[output]	./events_seed2_b/blastwave_set4/	"event000.root"	[events]	1	500	500
[2019-02-20 14:29:17]	therm2_events	0	[input]	./events.ini	0
[2019-02-20 14:29:17]	therm2_events	0	[input]	./fomodel/blastwave.ini
[2019-02-20 14:29:27]	therm2_events	0	[output]	./events_seed1_a/blastwave_set4/	fmultiplicity_90EEF254.txt
[2019-02-20 14:34:32]	therm2_events	0	[input]	./events.ini	0
[2019-02-20 14:34:32]	therm2_events	0	[input]	./fomodel/SR.ini
[2019-02-20 14:34:41]	therm2_events	0	[output]	./events_seed1_a/sr/	fmultiplicity_7912063F.txt
[2019-02-20 14:40:26]	therm2_events	0	[input]	./events.ini	0
[2019-02-20 14:40:26]	therm2_events	0	[input]	./fomodel/SR.ini
[2019-02-20 14:40:39]	therm2_events	0	[output]	./events_seed1_b/sr/	fmultiplicity_7912063F.txt
[2019-02-20 14:45:53]	therm2_events	0	[output]	./events_seed1_b/sr/	"event000.root-event011.root"	[events]	12	6000	500
[2019-02-20 16:02:31]	therm2_events	0	[input]	./events.ini	0
[2019-02-20 16:02:31]	therm2_events	0	[input]	./fomodel/SR.ini
[2019-02-20 16:02:32]	therm2_events	0	[output]	././sr/	fmultiplicity_7912063F.txt
[2019-02-20 16:04:18]	therm2_events	0	[input]	./events.ini	0
[2019-02-20 16:04:18]	therm2_events	0	[input]	./fomodel/SR.ini
[2019-02-20 16:04:19]	therm2_events	0	[output]	././events_seed1_asr/	fmultiplicity_7912063F.txt
[2019-02-20 16:04:23]	therm2_events	0	[output]	././events_seed1_asr/	"event000.root"	[events]	1	500	500
[2019-02-20 16:04:31]	therm2_events	0	[input]	./events.ini	0
[2019-02-20 16:04:31]	therm2_events	0	[input]	./fomodel/SR.ini
[2019-02-20 16:04:31]	therm2_events	0	[input]	././events_seed1_asr/fmultiplicity_7912063F.txt
[2019-02-20 16:05:00]	therm2_events	0	[input]	./events.ini	0
[2019-02-20 16:05:00]	therm2_events	0	[input]	./fomodel/SR.ini
[2019-02-20 16:05:00]	therm2_events	0	[output]	././events_seed1_a/sr/	fmultiplicity_7912063F.txt
[2019-02-20 16:05:04]	therm2_events	0	[output]	././events_seed1_a/sr/	"event000.root"	[events]	1	500	500
[2019-02-20 16:05:52]	therm2_events	0	[input]	./events.ini	0
[2019-02-20 16:05:52]	therm2_events	0	[input]	./fomodel/SR.ini
[2019-02-20 16:05:52]	therm2_events	0	[output]	././events_seed2_a/sr/	fmultiplicity_7912063F.txt
[2019-02-20 16:06:04]	therm2_events	0	[output]	././events_seed2_a/sr/	"event000.root"	[events]	1	500	500
[2019-02-20 16:07:26]	therm2_events	0	[input]	./events.ini	0
[2019-02-20 16:07:26]	therm2_events	0	[input]	./fomodel/SR.ini
[2019-02-20 16:07:27]	therm2_events	0	[output]	././events_seed2_b/sr/	fmultiplicity_7912063F.txt
[2019-02-20 16:07:43]	therm2_events	0	[output]	././events_seed2_b/sr/	"event000.root"	[events]	1	500	500
[2019-02-20 18:10:21]	therm2_events	0	[input]	./events.ini	0
[2019-02-20 18:10:21]	therm2_events	0	[input]	./fomodel/SR.ini
[2019-02-20 18:10:21]	therm2_events	0	[input]	././events_seed2_a/sr/fmultiplicity_7912063F.txt
[2019-02-20 18:10:34]	therm2_events	0	[output]	././events_seed2_a/sr/	"event001.root"	[events]	1	500	500
[2019-02-20 18:12:48]	therm2_events	0	[input]	./events.ini	0
[2019-02-20 18:12:48]	therm2_events	0	[input]	./fomodel/SR.ini
[2019-02-20 18:12:49]	therm2_events	0	[output]	././events_seed2_a/sr/	fmultiplicity_7912063F.txt
[2019-02-20 18:13:04]	therm2_events	0	[output]	././events_seed2_a/sr/	"event000.root"	[events]	1	500	500
[2019-02-20 18:13:20]	therm2_events	0	[input]	./events.ini	0
[2019-02-20 18:13:20]	therm2_events	0	[input]	./fomodel/SR.ini
[2019-02-20 18:13:20]	therm2_events	0	[output]	././events_seed2_b/sr/	fmultiplicity_7912063F.txt
[2019-02-20 18:13:36]	therm2_events	0	[output]	././events_seed2_b/sr/	"event000.root"	[events]	1	500	500
[2019-02-20 18:14:38]	therm2_events	0	[input]	./events.ini	0
[2019-02-20 18:14:38]	therm2_events	0	[input]	./fomodel/SR.ini
[2019-02-20 18:14:52]	therm2_events	0	[output]	././events_seed2_c/sr/	fmultiplicity_7912063F.txt
[2019-02-20 18:15:15]	therm2_events	0	[output]	././events_seed2_c/sr/	"event000.root"	[events]	1	500	500
[2019-02-20 18:15:39]	therm2_events	0	[input]	./events.ini	0
[2019-02-20 18:15:39]	therm2_events	0	[input]	./fomodel/SR.ini
[2019-02-20 18:15:48]	therm2_events	0	[output]	././events_seed2_d/sr/	fmultiplicity_7912063F.txt
[2019-02-20 18:16:12]	therm2_events	0	[output]	././events_seed2_d/sr/	"event000.root"	[events]	1	500	500
[2019-02-20 18:17:36]	therm2_events	0	[input]	./events.ini	0
[2019-02-20 18:17:36]	therm2_events	0	[input]	./fomodel/SR.ini
[2019-02-20 18:17:36]	therm2_events	0	[output]	././events_seed2_e/sr/	fmultiplicity_7912063F.txt
[2019-02-20 18:17:49]	therm2_events	0	[output]	././events_seed2_e/sr/	"event000.root"	[events]	1	500	500
[2019-02-20 18:17:58]	therm2_events	0	[input]	./events.ini	0
[2019-02-20 18:17:58]	therm2_events	0	[input]	./fomodel/SR.ini
[2019-02-20 18:17:58]	therm2_events	0	[output]	././events_seed2_f/sr/	fmultiplicity_7912063F.txt
[2019-02-20 18:18:11]	therm2_events	0	[output]	././events_seed2_f/sr/	"event000.root"	[events]	1	500	500
[2019-02-20 18:18:59]	therm2_events	0	[input]	./events.ini	0
[2019-02-20 18:18:59]	therm2_events	0	[input]	./fomodel/SR.ini
[2019-02-20 18:19:08]	therm2_events	0	[output]	././events_seed2_a/sr/	fmultiplicity_7912063F.txt
[2019-02-20 18:19:32]	therm2_events	0	[output]	././events_seed2_a/sr/	"event000.root"	[events]	1	500	500
[2019-02-20 18:20:50]	therm2_events	0	[input]	./events.ini	0
[2019-02-20 18:20:50]	therm2_events	0	[input]	./fomodel/SR.ini
[2019-02-20 18:20:59]	therm2_events	0	[output]	././events_seed1_a/sr/	fmultiplicity_7912063F.txt
[2019-02-20 18:21:27]	therm2_events	0	[output]	././events_seed1_a/sr/	"event000.root"	[events]	1	500	500
[2019-02-20 18:22:54]	therm2_events	0	[input]	./events.ini	0
[2019-02-20 18:22:54]	therm2_events	0	[input]	./fomodel/SR.ini
[2019-02-20 18:24:25]	therm2_events	0	[output]	././events_seed1_b/sr/	fmultiplicity_7912063F.txt
[2019-02-20 18:25:00]	therm2_events	0	[output]	././events_seed1_b/sr/	"event000.root"	[events]	1	500	500
[2019-02-20 18:25:33]	therm2_events	0	[input]	./events.ini	0
[2019-02-20 18:25:33]	therm2_events	0	[input]	./fomodel/SR.ini
[2019-02-20 18:27:05]	therm2_events	0	[output]	././events_seed2_b/sr/	fmultiplicity_7912063F.txt
[2019-02-20 18:27:40]	therm2_events	0	[output]	././events_seed2_b/sr/	"event000.root"	[events]	1	500	500
[2019-02-20 18:29:06]	therm2_events	0	[input]	./events.ini	0
[2019-02-20 18:29:06]	therm2_events	0	[input]	./fomodel/SR.ini
[2019-02-20 18:44:16]	therm2_events	0	[output]	././events_seed2_c/sr/	fmultiplicity_7912063F.txt
[2019-02-20 18:44:53]	therm2_events	0	[output]	././events_seed2_c/sr/	"event000.root"	[events]	1	500	500
[2019-02-20 18:47:26]	therm2_events	0	[input]	./events.ini	0
[2019-02-20 18:47:26]	therm2_events	0	[input]	./fomodel/SR.ini
[2019-02-20 19:02:36]	therm2_events	0	[output]	././events_seed1_c/sr/	fmultiplicity_7912063F.txt
[2019-02-20 19:03:13]	therm2_events	0	[output]	././events_seed1_c/sr/	"event000.root"	[events]	1	500	500
[2019-03-09 01:46:57]	therm2_events	0	[input]	./events.ini	0
[2019-03-09 01:46:57]	therm2_events	0	[input]	./fomodel/SR.ini
[2019-03-09 02:00:51]	therm2_events	0	[output]	././sr_Radek_set5/	fmultiplicity_244E54F8.txt
[2019-03-09 02:14:56]	therm2_events	0	[output]	././sr_Radek_set5/	"event000.root-event009.root"	[events]	10	5000	500
[2019-04-02 09:44:34]	therm2_events	0	[input]	./events.ini	0
[2019-04-02 09:44:34]	therm2_events	0	[input]	./fomodel/SR.ini
[2019-04-02 10:00:48]	therm2_events	0	[output]	././sr_Notatka_Hubble_T41_TESTRMaxMax/	fmultiplicity_CE8CBBA3.txt
[2019-04-02 10:14:59]	therm2_events	0	[output]	././sr_Notatka_Hubble_T41_TESTRMaxMax/	"event000.root-event009.root"	[events]	10	5000	500
[2019-05-27 17:38:55]	therm2_events	0	[input]	./events.ini	0
[2019-05-27 17:38:55]	therm2_events	0	[input]	./fomodel/SR.ini
[2019-05-27 17:59:17]	therm2_events	0	[input]	./events.ini	0
[2019-05-27 17:59:17]	therm2_events	0	[input]	./fomodel/SR.ini
[2019-05-27 18:22:45]	therm2_events	0	[output]	././sr_Notatka_Hubble_T41_withDelta/	fmultiplicity_CE8CBBA3.txt
[2019-05-27 18:41:14]	therm2_events	0	[input]	./events.ini	0
[2019-05-27 18:41:14]	therm2_events	0	[input]	./fomodel/SR.ini
[2019-05-27 18:41:14]	therm2_events	0	[input]	././sr_Notatka_Hubble_T41_withDelta/fmultiplicity_CE8CBBA3.txt
[2019-05-27 18:42:49]	therm2_events	0	[input]	./events.ini	0
[2019-05-27 18:42:49]	therm2_events	0	[input]	./fomodel/SR.ini
[2019-05-27 18:42:49]	therm2_events	0	[input]	././sr_Notatka_Hubble_T41_withDelta/fmultiplicity_CE8CBBA3.txt
[2019-05-27 18:44:10]	therm2_events	0	[input]	./events.ini	0
[2019-05-27 18:44:10]	therm2_events	0	[input]	./fomodel/SR.ini
[2019-05-27 18:44:10]	therm2_events	0	[input]	././sr_Notatka_Hubble_T41_withDelta/fmultiplicity_CE8CBBA3.txt
[2019-05-27 18:45:14]	therm2_events	0	[input]	./events.ini	0
[2019-05-27 18:45:14]	therm2_events	0	[input]	./fomodel/SR.ini
[2019-05-27 18:45:14]	therm2_events	0	[input]	././sr_Notatka_Hubble_T41_withDelta/fmultiplicity_CE8CBBA3.txt
[2019-05-27 18:50:53]	therm2_events	0	[input]	./events.ini	0
[2019-05-27 18:50:53]	therm2_events	0	[input]	./fomodel/SR.ini
[2019-05-27 18:50:54]	therm2_events	0	[input]	././sr_Notatka_Hubble_T41_withDelta/fmultiplicity_CE8CBBA3.txt
[2019-05-27 18:51:43]	therm2_events	0	[input]	./events.ini	0
[2019-05-27 18:51:43]	therm2_events	0	[input]	./fomodel/SR.ini
[2019-05-27 18:51:43]	therm2_events	0	[input]	././sr_Notatka_Hubble_T41_withDelta/fmultiplicity_CE8CBBA3.txt
[2019-05-27 18:52:22]	therm2_events	0	[input]	./events.ini	0
[2019-05-27 18:52:22]	therm2_events	0	[input]	./fomodel/SR.ini
[2019-05-27 18:52:22]	therm2_events	0	[input]	././sr_Notatka_Hubble_T41_withDelta/fmultiplicity_CE8CBBA3.txt
[2019-05-27 18:53:06]	therm2_events	0	[input]	./events.ini	0
[2019-05-27 18:53:06]	therm2_events	0	[input]	./fomodel/SR.ini
[2019-05-27 18:53:06]	therm2_events	0	[input]	././sr_Notatka_Hubble_T41_withDelta/fmultiplicity_CE8CBBA3.txt
[2019-05-27 18:54:42]	therm2_events	0	[input]	./events.ini	0
[2019-05-27 18:54:42]	therm2_events	0	[input]	./fomodel/SR.ini
[2019-05-27 18:54:42]	therm2_events	0	[input]	././sr_Notatka_Hubble_T41_withDelta/fmultiplicity_CE8CBBA3.txt
[2019-05-27 19:03:44]	therm2_events	0	[input]	./events.ini	0
[2019-05-27 19:03:44]	therm2_events	0	[input]	./fomodel/SR.ini
[2019-05-27 19:03:45]	therm2_events	0	[output]	././sr_Notatka_Hubble_T41_withDelta/	fmultiplicity_CE8CBBA3.txt
[2019-05-27 19:04:27]	therm2_events	0	[input]	./events.ini	0
[2019-05-27 19:04:27]	therm2_events	0	[input]	./fomodel/SR.ini
[2019-05-27 19:04:27]	therm2_events	0	[input]	././sr_Notatka_Hubble_T41_withDelta/fmultiplicity_CE8CBBA3.txt
[2019-05-27 19:04:30]	therm2_events	0	[output]	././sr_Notatka_Hubble_T41_withDelta/	"event000.root"	[events]	1	1	500
[2019-05-27 19:05:19]	therm2_events	0	[input]	./events.ini	0
[2019-05-27 19:05:19]	therm2_events	0	[input]	./fomodel/SR.ini
[2019-05-27 19:05:20]	therm2_events	0	[output]	././sr_Notatka_Hubble_T41_withDelta/	fmultiplicity_CE8CBBA3.txt
[2019-05-27 19:05:23]	therm2_events	0	[output]	././sr_Notatka_Hubble_T41_withDelta/	"event000.root"	[events]	1	1	500
[2019-05-27 19:07:22]	therm2_events	0	[input]	./events.ini	0
[2019-05-27 19:07:22]	therm2_events	0	[input]	./fomodel/SR.ini
[2019-05-27 19:07:22]	therm2_events	0	[output]	././sr_Notatka_Hubble_T41_withDelta/	fmultiplicity_CE8CBBA3.txt
[2019-05-27 19:07:26]	therm2_events	0	[output]	././sr_Notatka_Hubble_T41_withDelta/	"event000.root"	[events]	1	1	500
[2019-05-27 19:08:21]	therm2_events	0	[input]	./events.ini	0
[2019-05-27 19:08:21]	therm2_events	0	[input]	./fomodel/SR.ini
[2019-05-27 19:08:22]	therm2_events	0	[output]	././sr_Notatka_Hubble_T41_withDelta/	fmultiplicity_CE8CBBA3.txt
[2019-05-27 19:08:25]	therm2_events	0	[output]	././sr_Notatka_Hubble_T41_withDelta/	"event000.root"	[events]	1	1	500
[2019-05-27 19:10:04]	therm2_events	0	[input]	./events.ini	0
[2019-05-27 19:10:04]	therm2_events	0	[input]	./fomodel/SR.ini
[2019-05-27 19:10:04]	therm2_events	0	[output]	././sr_Notatka_Hubble_T41_withDelta/	fmultiplicity_CE8CBBA3.txt
[2019-05-27 19:10:07]	therm2_events	0	[output]	././sr_Notatka_Hubble_T41_withDelta/	"event000.root"	[events]	1	1	500
[2019-05-27 19:12:52]	therm2_events	0	[input]	./events.ini	0
[2019-05-27 19:12:52]	therm2_events	0	[input]	./fomodel/SR.ini
[2019-05-27 19:12:54]	therm2_events	0	[output]	././sr_Notatka_Hubble_T41_withDelta/	fmultiplicity_CE8CBBA3.txt
[2019-05-27 19:23:52]	therm2_events	0	[input]	./events.ini	0
[2019-05-27 19:23:52]	therm2_events	0	[input]	./fomodel/SR.ini
[2019-05-27 19:23:54]	therm2_events	0	[output]	././sr_Notatka_Hubble_T41_withDelta/	fmultiplicity_CE8CBBA3.txt
[2019-05-27 19:27:08]	therm2_events	0	[input]	./events.ini	0
[2019-05-27 19:27:08]	therm2_events	0	[input]	./fomodel/SR.ini
[2019-05-27 19:27:10]	therm2_events	0	[output]	././sr_Notatka_Hubble_T41_withDelta/	fmultiplicity_CE8CBBA3.txt
[2019-05-27 19:34:26]	therm2_events	0	[input]	./events.ini	0
[2019-05-27 19:34:26]	therm2_events	0	[input]	./fomodel/SR.ini
[2019-05-27 19:34:26]	therm2_events	0	[input]	././sr_Notatka_Hubble_T41_withDelta/fmultiplicity_CE8CBBA3.txt
[2019-05-27 19:38:24]	therm2_events	0	[input]	./events.ini	0
[2019-05-27 19:38:24]	therm2_events	0	[input]	./fomodel/SR.ini
[2019-05-27 19:38:24]	therm2_events	0	[input]	././sr_Notatka_Hubble_T41_withDelta/fmultiplicity_CE8CBBA3.txt
[2019-05-27 19:41:07]	therm2_events	0	[input]	./events.ini	0
[2019-05-27 19:41:07]	therm2_events	0	[input]	./fomodel/SR.ini
[2019-05-27 19:41:08]	therm2_events	0	[output]	././sr_Notatka_Hubble_T41_withDelta/	fmultiplicity_CE8CBBA3.txt
[2019-05-27 19:45:12]	therm2_events	0	[input]	./events.ini	0
[2019-05-27 19:45:12]	therm2_events	0	[input]	./fomodel/SR.ini
[2019-05-27 19:45:14]	therm2_events	0	[output]	././sr_Notatka_Hubble_T41_withDelta/	fmultiplicity_CE8CBBA3.txt
[2019-05-27 19:52:56]	therm2_events	0	[input]	./events.ini	0
[2019-05-27 19:52:56]	therm2_events	0	[input]	./fomodel/SR.ini
[2019-05-27 19:52:57]	therm2_events	0	[output]	././sr_Notatka_Hubble_T41_withDelta/	fmultiplicity_CE8CBBA3.txt
[2019-05-27 19:52:57]	therm2_events	0	[output]	././sr_Notatka_Hubble_T41_withDelta/	"event000.root"	[events]	1	1	500
[2019-05-27 19:57:49]	therm2_events	0	[input]	./events.ini	0
[2019-05-27 19:57:49]	therm2_events	0	[input]	./fomodel/SR.ini
[2019-05-27 20:13:39]	therm2_events	0	[output]	././sr_Notatka_Hubble_T41_withDelta/	fmultiplicity_CE8CBBA3.txt
[2019-05-27 22:40:46]	therm2_events	0	[output]	././sr_Notatka_Hubble_T41_withDelta/	"event000.root-event099.root"	[events]	100	50000	500
[2019-05-28 07:37:13]	therm2_events	0	[input]	./events.ini	0
[2019-05-28 07:37:13]	therm2_events	0	[input]	./fomodel/SR.ini
[2019-05-28 07:52:43]	therm2_events	0	[output]	././sr_Notatka_Hubble_T41_noDelta/	fmultiplicity_CE8CBBA3.txt
[2019-05-28 10:05:22]	therm2_events	0	[output]	././sr_Notatka_Hubble_T41_noDelta/	"event000.root-event099.root"	[events]	100	50000	500
[2019-05-29 12:46:37]	therm2_events	0	[input]	./events.ini	0
[2019-05-29 12:46:37]	therm2_events	0	[input]	./fomodel/SR.ini
[2019-05-29 13:02:15]	therm2_events	0	[output]	././sr_Notatka_Hubble_T41_withDelta_deuteron/	fmultiplicity_C14ECEEB.txt
[2019-05-29 13:14:45]	therm2_events	0	[output]	././sr_Notatka_Hubble_T41_withDelta_deuteron/	"event000.root-event009.root"	[events]	10	5000	500
[2019-05-29 14:49:54]	therm2_events	0	[input]	./events.ini	0
[2019-05-29 14:49:54]	therm2_events	0	[input]	./fomodel/SR.ini
[2019-05-29 15:05:22]	therm2_events	0	[output]	././sr_Notatka_Hubble_T41_NEWwithDelta_deuteron/	fmultiplicity_C14ECEEB.txt
[2019-05-29 15:16:30]	therm2_events	0	[output]	././sr_Notatka_Hubble_T41_NEWwithDelta_deuteron/	"event000.root-event009.root"	[events]	10	5000	500
[2019-05-29 15:29:46]	therm2_events	0	[input]	./events.ini	0
[2019-05-29 15:29:46]	therm2_events	0	[input]	./fomodel/SR.ini
[2019-05-29 15:45:27]	therm2_events	0	[output]	././sr_Notatka_Hubble_T41_NEWwithDelta_deuteron/	fmultiplicity_C14ECEEB.txt
[2019-05-29 15:58:22]	therm2_events	0	[output]	././sr_Notatka_Hubble_T41_NEWwithDelta_deuteron/	"event000.root-event009.root"	[events]	10	5000	500
[2019-05-30 11:29:24]	therm2_events	0	[input]	./events.ini	0
[2019-05-30 11:29:24]	therm2_events	0	[input]	./fomodel/SR.ini
[2019-05-30 11:49:26]	therm2_events	0	[output]	././sr_Notatka_Hubble_T45_NEWwithDelta_TEST/	fmultiplicity_C14ECEEB.txt
[2019-05-30 12:05:49]	therm2_events	0	[output]	././sr_Notatka_Hubble_T45_NEWwithDelta_TEST/	"event000.root-event009.root"	[events]	10	5000	500
[2019-05-30 12:31:36]	therm2_events	0	[input]	./events.ini	0
[2019-05-30 12:31:36]	therm2_events	0	[input]	./fomodel/SR.ini
[2019-05-30 12:31:36]	therm2_events	0	[input]	././sr_Notatka_Hubble_T45_NEWwithDelta_TEST/fmultiplicity_C14ECEEB.txt
[2019-05-30 13:25:16]	therm2_events	0	[input]	./events.ini	0
[2019-05-30 13:25:16]	therm2_events	0	[input]	./fomodel/SR.ini
[2019-05-30 13:25:16]	therm2_events	0	[input]	././sr_Notatka_Hubble_T45_NEWwithDelta_TEST/fmultiplicity_C14ECEEB.txt
[2019-05-30 13:26:55]	therm2_events	0	[output]	././sr_Notatka_Hubble_T45_NEWwithDelta_TEST/	"event010.root"	[events]	1	500	500
[2019-05-30 13:27:19]	therm2_events	0	[input]	./events.ini	0
[2019-05-30 13:27:19]	therm2_events	0	[input]	./fomodel/SR.ini
[2019-05-30 13:27:19]	therm2_events	0	[input]	././sr_Notatka_Hubble_T45_NEWwithDelta_TEST/fmultiplicity_C14ECEEB.txt
[2019-05-30 13:28:59]	therm2_events	0	[output]	././sr_Notatka_Hubble_T45_NEWwithDelta_TEST/	"event000.root"	[events]	1	500	500
[2019-05-30 13:45:34]	therm2_events	0	[input]	./events.ini	0
[2019-05-30 13:45:34]	therm2_events	0	[input]	./fomodel/SR.ini
[2019-05-30 13:45:34]	therm2_events	0	[input]	././sr_Notatka_Hubble_T45_NEWwithDelta_TEST/fmultiplicity_C14ECEEB.txt
[2019-05-30 13:47:14]	therm2_events	0	[output]	././sr_Notatka_Hubble_T45_NEWwithDelta_TEST/	"event001.root"	[events]	1	500	500
[2019-05-30 13:49:52]	therm2_events	0	[input]	./events.ini	0
[2019-05-30 13:49:52]	therm2_events	0	[input]	./fomodel/SR.ini
[2019-05-30 13:49:52]	therm2_events	0	[input]	././sr_Notatka_Hubble_T45_NEWwithDelta_TEST/fmultiplicity_C14ECEEB.txt
[2019-05-30 13:51:37]	therm2_events	0	[output]	././sr_Notatka_Hubble_T45_NEWwithDelta_TEST/	"event002.root"	[events]	1	500	500
[2019-05-30 13:55:54]	therm2_events	0	[input]	./events.ini	0
[2019-05-30 13:55:54]	therm2_events	0	[input]	./fomodel/SR.ini
[2019-05-30 14:16:53]	therm2_events	0	[output]	././events_sr/	fmultiplicity_C14ECEEB.txt
[2019-05-30 14:33:30]	therm2_events	0	[output]	././events_sr/	"event000.root-event009.root"	[events]	10	5000	500
[2019-05-31 10:52:39]	therm2_events	0	[input]	./events.ini	0
[2019-05-31 10:52:39]	therm2_events	0	[input]	./fomodel/SR.ini
[2019-05-31 11:13:31]	therm2_events	0	[output]	././events_sr_Hubble_width/	fmultiplicity_07778E91.txt
[2019-05-31 11:13:37]	therm2_events	0	[output]	././events_sr_Hubble_width/	"event000.root"	[events]	1	50	500
[2019-06-10 16:52:58]	therm2_events	0	[input]	./events.ini	0
[2019-06-10 16:52:58]	therm2_events	0	[input]	./fomodel/SR.ini
[2019-06-10 17:13:23]	therm2_events	0	[output]	././events_sr_Hubble_width_withBose/	fmultiplicity_07778E91.txt
[2019-06-10 18:56:56]	therm2_events	0	[output]	././events_sr_Hubble_width_withBose/	"event000.root-event099.root"	[events]	100	50000	500
[2019-06-14 08:09:34]	therm2_events	0	[input]	./events.ini	0
[2019-06-14 08:09:34]	therm2_events	0	[input]	./fomodel/SR.ini
[2019-06-14 08:30:33]	therm2_events	0	[output]	././events_sr_Hubble_width_noBose/	fmultiplicity_07778E91.txt
[2019-06-14 08:40:30]	therm2_events	0	[input]	./events.ini	0
[2019-06-14 08:40:30]	therm2_events	0	[input]	./fomodel/SR.ini
[2019-06-14 09:01:08]	therm2_events	0	[output]	././events_sr_Hubble_width_noBose/	fmultiplicity_07778E91.txt
[2019-06-14 09:05:47]	therm2_events	0	[input]	./events.ini	0
[2019-06-14 09:05:47]	therm2_events	0	[input]	./fomodel/SR.ini
[2019-06-14 09:26:40]	therm2_events	0	[output]	././events_sr_Hubble_width_noBose/	fmultiplicity_07778E91.txt
[2019-06-14 11:12:07]	therm2_events	0	[output]	././events_sr_Hubble_width_noBose/	"event000.root-event099.root"	[events]	100	50000	500
[2019-06-14 14:25:00]	therm2_events	0	[input]	./events.ini	0
[2019-06-14 14:25:00]	therm2_events	0	[input]	./fomodel/SR.ini
[2019-06-14 14:49:45]	therm2_events	0	[output]	././events_sr_Hubble_width_noBose_Radek/	fmultiplicity_07778E91.txt
[2019-06-14 15:50:11]	therm2_events	0	[input]	./events.ini	0
[2019-06-14 15:50:11]	therm2_events	0	[input]	./fomodel/SR.ini
[2019-06-14 16:14:37]	therm2_events	0	[output]	././events_sr_Hubble_width_noBose_RadekFixed/	fmultiplicity_07778E91.txt
[2019-06-14 16:16:00]	therm2_events	0	[input]	./events.ini	0
[2019-06-14 16:16:00]	therm2_events	0	[input]	./fomodel/SR.ini
[2019-06-14 16:40:31]	therm2_events	0	[output]	././events_sr_Hubble_width_withBose_RadekFixed/	fmultiplicity_07778E91.txt
[2019-06-14 17:12:27]	therm2_events	0	[input]	./events.ini	0
[2019-06-14 17:12:27]	therm2_events	0	[input]	./fomodel/SR.ini
[2019-06-14 17:42:05]	therm2_events	0	[output]	././events_sr_Hubble_width_withBose_RadekFixed_overLoop/	fmultiplicity_07778E91.txt
[2019-06-14 19:51:03]	therm2_events	0	[output]	././events_sr_Hubble_width_withBose_RadekFixed_overLoop/	"event000.root-event099.root"	[events]	100	50000	500
[2019-06-17 00:59:19]	therm2_events	0	[input]	./events.ini	0
[2019-06-17 00:59:19]	therm2_events	0	[input]	./fomodel/SR.ini
[2019-06-17 01:29:01]	therm2_events	0	[output]	././events_sr_fixedHubble_width_withBose_RadekFixed_overLoop/	fmultiplicity_2434E461.txt
[2019-06-17 01:34:40]	therm2_events	0	[input]	./events.ini	0
[2019-06-17 01:34:40]	therm2_events	0	[input]	./fomodel/SR.ini
[2019-06-17 02:00:21]	therm2_events	0	[output]	././events_sr_fixedHubble_width_withBose_NaszPokemon_overLoop/	fmultiplicity_2434E461.txt
[2019-06-17 02:07:24]	therm2_events	0	[input]	./events.ini	0
[2019-06-17 02:07:24]	therm2_events	0	[input]	./fomodel/SR.ini
[2019-06-17 02:32:46]	therm2_events	0	[output]	././events_sr_ourHubble_otherChangesRR_width_withBose_NaszPokemon_overLoop/	fmultiplicity_2434E461.txt
[2019-06-17 16:18:37]	therm2_events	0	[input]	./events.ini	0
[2019-06-17 16:18:37]	therm2_events	0	[input]	./fomodel/SR.ini
[2019-06-17 16:18:37]	therm2_events	0	[input]	././events_sr_ourHubble_otherChangesRR_width_withBose_NaszPokemon_overLoop/fmultiplicity_2434E461.txt
[2019-06-17 16:19:05]	therm2_events	0	[input]	./events.ini	0
[2019-06-17 16:19:05]	therm2_events	0	[input]	./fomodel/SR.ini
[2019-06-17 16:44:14]	therm2_events	0	[output]	././events_sr_ourHubble_otherChangesRR_width_withBose_NaszPokemon_overLoop/	fmultiplicity_2434E461.txt
[2019-06-21 13:51:54]	therm2_events	0	[input]	./events.ini	0
[2019-06-21 13:51:54]	therm2_events	0	[input]	./fomodel/SR.ini
[2019-06-21 14:19:50]	therm2_events	0	[output]	././events_sr_ourHubble_otherChangesRR_width_withBose_NaszPokemon_overLoop_binFixed/	fmultiplicity_2434E461.txt
[2019-06-21 14:28:26]	therm2_events	0	[input]	./events.ini	0
[2019-06-21 14:28:26]	therm2_events	0	[input]	./fomodel/SR.ini
[2019-06-21 14:56:25]	therm2_events	0	[output]	././events_sr_fixedHubble_width_withBose_NaszPokemon_overLoop_binFixed/	fmultiplicity_2434E461.txt
[2019-06-21 15:11:53]	therm2_events	0	[input]	./events.ini	0
[2019-06-21 15:11:53]	therm2_events	0	[input]	./fomodel/SR.ini
[2019-06-21 15:40:23]	therm2_events	0	[output]	././events_sr_fixedHubble_width_withBose_NaszPokemon_overLoop_binFixed_FixedSeed/	fmultiplicity_2434E461.txt
[2019-06-21 17:39:38]	therm2_events	0	[output]	././events_sr_fixedHubble_width_withBose_NaszPokemon_overLoop_binFixed_FixedSeed/	"event000.root-event099.root"	[events]	100	50000	500
[2019-06-21 23:56:46]	therm2_events	0	[input]	./events.ini	0
[2019-06-21 23:56:46]	therm2_events	0	[input]	./fomodel/SR.ini
[2019-06-22 00:24:22]	therm2_events	0	[output]	././../../../../lustre/nyx/hades/user/sudol/blabla/events_sr_fixedHubble_width_withBose_NaszPokemon_overLoop_binFixedMore_FixedSeed/	fmultiplicity_2434E461.txt
[2019-06-22 00:39:04]	therm2_events	0	[input]	./events.ini	0
[2019-06-22 00:39:04]	therm2_events	0	[input]	./fomodel/SR.ini
[2019-06-22 01:06:23]	therm2_events	0	[output]	././../../../../lustre/nyx/hades/user/sudol/blabla/events_sr_fixedHubble_width_withBose_NaszPokemon_overLoop_binFixed_FixedSeed_gRandom/	fmultiplicity_2434E461.txt
[2019-06-22 01:11:34]	therm2_events	0	[input]	./events.ini	0
[2019-06-22 01:11:34]	therm2_events	0	[input]	./fomodel/SR.ini
[2019-06-22 01:42:37]	therm2_events	0	[output]	././../../../../lustre/nyx/hades/user/sudol/blabla/events_sr_fixedHubble_width_withBose_RadekPokemonCut_overLoop_FixedSeed_gRandom/	fmultiplicity_2434E461.txt
[2019-06-22 04:09:32]	therm2_events	0	[output]	././../../../../lustre/nyx/hades/user/sudol/blabla/events_sr_fixedHubble_width_withBose_RadekPokemonCut_overLoop_FixedSeed_gRandom/	"event000.root-event099.root"	[events]	100	50000	500
[2019-06-22 09:27:11]	therm2_events	0	[input]	./events.ini	0
[2019-06-22 09:27:11]	therm2_events	0	[input]	./fomodel/SR.ini
[2019-06-22 09:56:18]	therm2_events	0	[output]	././../../../../lustre/nyx/hades/user/sudol/blabla/events_sr_fixedHubble_width_withBose_RadekPokemonReturn_overLoop_FixedSeed_gRandom/	fmultiplicity_2434E461.txt
[2019-06-22 12:08:55]	therm2_events	0	[output]	././../../../../lustre/nyx/hades/user/sudol/blabla/events_sr_fixedHubble_width_withBose_RadekPokemonReturn_overLoop_FixedSeed_gRandom/	"event000.root-event099.root"	[events]	100	50000	500
[2019-06-22 12:14:22]	therm2_events	0	[input]	./events.ini	0
[2019-06-22 12:14:22]	therm2_events	0	[input]	./fomodel/SR.ini
[2019-06-22 12:42:10]	therm2_events	0	[output]	././../../../../lustre/nyx/hades/user/sudol/blabla/events_sr_fixedHubble_width_withBose_ourPokemon_overLoop_FixedSeed_gRandom3/	fmultiplicity_2434E461.txt
[2019-06-22 13:23:32]	therm2_events	0	[input]	./events.ini	0
[2019-06-22 13:23:32]	therm2_events	0	[input]	./fomodel/SR.ini
[2019-06-22 13:50:48]	therm2_events	0	[output]	././../../../../lustre/nyx/hades/user/sudol/blabla/events_sr_fixedHubble_width_withBose_ourPokemonLessBins_overLoop_FixedSeed_gRandom3/	fmultiplicity_2434E461.txt
[2019-06-22 15:51:05]	therm2_events	0	[output]	././../../../../lustre/nyx/hades/user/sudol/blabla/events_sr_fixedHubble_width_withBose_ourPokemonLessBins_overLoop_FixedSeed_gRandom3/	"event000.root-event099.root"	[events]	100	50000	500
[2019-07-05 10:07:52]	therm2_events	0	[input]	./events.ini	0
[2019-07-05 10:07:52]	therm2_events	0	[input]	./fomodel/SR.ini
[2019-07-05 10:10:33]	therm2_events	0	[input]	./events.ini	0
[2019-07-05 10:10:33]	therm2_events	0	[input]	./fomodel/SR.ini
[2019-07-05 10:16:04]	therm2_events	0	[output]	././test_1/	fmultiplicity_2434E461.txt
[2019-07-05 10:26:23]	therm2_events	0	[input]	./events.ini	0
[2019-07-05 10:26:23]	therm2_events	0	[input]	./fomodel/SR.ini
[2019-07-05 10:26:23]	therm2_events	0	[input]	././test_1/fmultiplicity_2434E461.txt
[2019-07-05 10:36:23]	therm2_events	0	[input]	./events.ini	0
[2019-07-05 10:36:23]	therm2_events	0	[input]	./fomodel/SR.ini
[2019-07-05 10:38:56]	therm2_events	0	[input]	./events.ini	0
[2019-07-05 10:38:56]	therm2_events	0	[input]	./fomodel/SR.ini
[2019-07-05 10:42:13]	therm2_events	0	[input]	./events.ini	0
[2019-07-05 10:42:13]	therm2_events	0	[input]	./fomodel/SR.ini
[2019-07-05 10:42:13]	therm2_events	0	[output]	././test_1/	fmultiplicity_2434E461.txt
[2019-07-05 10:48:22]	therm2_events	0	[input]	./events.ini	0
[2019-07-05 10:48:22]	therm2_events	0	[input]	./fomodel/SR.ini
[2019-07-05 10:48:22]	therm2_events	0	[input]	././test_1/fmultiplicity_2434E461.txt
[2019-07-05 11:13:44]	therm2_events	0	[input]	./events.ini	0
[2019-07-05 11:13:44]	therm2_events	0	[input]	./fomodel/SR.ini
[2019-07-05 11:13:44]	therm2_events	0	[input]	././test_1/fmultiplicity_2434E461.txt
[2019-07-05 11:16:28]	therm2_events	0	[input]	./events.ini	0
[2019-07-05 11:16:28]	therm2_events	0	[input]	./fomodel/SR.ini
[2019-07-05 11:16:28]	therm2_events	0	[input]	././test_1/fmultiplicity_2434E461.txt
[2019-07-05 11:18:37]	therm2_events	0	[input]	./events.ini	0
[2019-07-05 11:18:37]	therm2_events	0	[input]	./fomodel/SR.ini
[2019-07-05 11:18:37]	therm2_events	0	[output]	././test_1/	fmultiplicity_2434E461.txt
[2019-07-05 11:21:10]	therm2_events	0	[input]	./events.ini	0
[2019-07-05 11:21:10]	therm2_events	0	[input]	./fomodel/SR.ini
[2019-07-05 11:21:10]	therm2_events	0	[input]	././test_1/fmultiplicity_2434E461.txt
[2019-07-05 13:53:24]	therm2_events	0	[input]	./events.ini	0
[2019-07-05 13:53:24]	therm2_events	0	[input]	./fomodel/SR.ini
[2019-07-05 13:54:08]	therm2_events	0	[input]	./events.ini	0
[2019-07-05 13:54:08]	therm2_events	0	[input]	./fomodel/SR.ini
[2019-07-05 13:54:26]	therm2_events	0	[input]	./events.ini	0
[2019-07-05 13:54:26]	therm2_events	0	[input]	./fomodel/SR.ini
[2019-07-05 13:55:40]	therm2_events	0	[input]	./events.ini	0
[2019-07-05 13:55:40]	therm2_events	0	[input]	./fomodel/SR.ini
[2019-07-05 13:56:09]	therm2_events	0	[input]	./events.ini	0
[2019-07-05 13:56:09]	therm2_events	0	[input]	./fomodel/SR.ini
[2019-07-05 13:56:16]	therm2_events	0	[input]	./events.ini	0
[2019-07-05 13:56:16]	therm2_events	0	[input]	./fomodel/SR.ini
[2019-07-05 13:57:01]	therm2_events	0	[input]	./events.ini	0
[2019-07-05 13:57:01]	therm2_events	0	[input]	./fomodel/SR.ini
[2019-07-05 13:58:25]	therm2_events	0	[input]	./events.ini	0
[2019-07-05 13:58:25]	therm2_events	0	[input]	./fomodel/SR.ini
[2019-07-05 14:54:33]	therm2_events	0	[input]	./events.ini	0
[2019-07-05 14:54:33]	therm2_events	0	[input]	./fomodel/SR.ini
[2019-07-05 14:54:33]	therm2_events	0	[output]	./events/ManyBins/	fmultiplicity_2434E461.txt
[2019-07-05 14:54:34]	therm2_events	0	[output]	./events/ManyBins/	"event000.root-event099.root"	[events]	100	50000	500
[2019-07-05 14:55:23]	therm2_events	0	[input]	./events.ini	0
[2019-07-05 14:55:23]	therm2_events	0	[input]	./fomodel/SR.ini
[2019-07-05 14:55:23]	therm2_events	0	[output]	./events/ManyBins/	fmultiplicity_2434E461.txt
[2019-07-05 14:55:23]	therm2_events	0	[output]	./events/ManyBins/	"event000.root-event099.root"	[events]	100	50000	500
[2019-07-05 14:58:14]	therm2_events	0	[input]	./events.ini	0
[2019-07-05 14:58:14]	therm2_events	0	[input]	./fomodel/SR.ini
[2019-07-05 14:58:14]	therm2_events	0	[input]	./events/ManyBins/fmultiplicity_2434E461.txt
[2019-07-05 14:58:15]	therm2_events	0	[output]	./events/ManyBins/	"event100.root-event199.root"	[events]	100	50000	500
[2019-07-05 14:58:26]	therm2_events	0	[input]	./events.ini	0
[2019-07-05 14:58:26]	therm2_events	0	[input]	./fomodel/SR.ini
[2019-07-05 14:58:26]	therm2_events	0	[output]	./events/ManyBins/	fmultiplicity_2434E461.txt
[2019-07-05 14:58:27]	therm2_events	0	[output]	./events/ManyBins/	"event000.root-event099.root"	[events]	100	50000	500
[2019-07-05 16:04:19]	therm2_events	0	[input]	./events.ini	0
[2019-07-05 16:04:19]	therm2_events	0	[input]	./fomodel/SR.ini
[2019-07-05 16:31:18]	therm2_events	0	[output]	./events/ManyBins/	fmultiplicity_2434E461.txt
[2019-07-05 18:34:36]	therm2_events	0	[output]	./events/ManyBins/	"event000.root-event099.root"	[events]	100	50000	500
[2019-07-17 14:38:03]	therm2_events	0	[input]	./events.ini	0
[2019-07-17 14:38:03]	therm2_events	0	[input]	./fomodel/SR.ini
[2019-07-17 14:38:15]	therm2_events	0	[input]	./events.ini	0
[2019-07-17 14:38:15]	therm2_events	0	[input]	./fomodel/SR.ini
[2019-07-17 14:38:58]	therm2_events	0	[input]	./events.ini	0
[2019-07-17 14:38:58]	therm2_events	0	[input]	./fomodel/SR.ini
[2019-07-17 14:39:16]	therm2_events	0	[input]	./events.ini	0
[2019-07-17 14:39:16]	therm2_events	0	[input]	./fomodel/SR.ini
[2019-07-17 14:42:14]	therm2_events	0	[input]	./events.ini	0
[2019-07-17 14:42:14]	therm2_events	0	[input]	./fomodel/SR.ini
[2019-07-17 15:08:39]	therm2_events	0	[output]	./PDT/	fmultiplicity_ADF0B468.txt
[2019-07-17 17:16:26]	therm2_events	0	[output]	./PDT/	"event000.root-event099.root"	[events]	100	50000	500
[2019-07-17 17:18:17]	therm2_events	0	[input]	./events.ini	0
[2019-07-17 17:18:17]	therm2_events	0	[input]	./fomodel/SR.ini
[2019-07-17 17:49:00]	therm2_events	0	[output]	./PDT_Radek/	fmultiplicity_ADF0B468.txt
[2019-07-17 20:23:27]	therm2_events	0	[output]	./PDT_Radek/	"event000.root-event099.root"	[events]	100	50000	500
[2019-07-17 20:49:37]	therm2_events	0	[input]	./events.ini	0
[2019-07-17 20:49:37]	therm2_events	0	[input]	./fomodel/SR.ini
[2019-07-17 21:15:18]	therm2_events	0	[output]	./PDT_PML/	fmultiplicity_ADF0B468.txt
[2019-07-17 22:42:32]	therm2_events	0	[input]	./events.ini	0
[2019-07-17 22:42:32]	therm2_events	0	[input]	./fomodel/SR.ini
[2019-07-17 22:42:50]	therm2_events	0	[input]	./events.ini	0
[2019-07-17 22:42:50]	therm2_events	0	[input]	./fomodel/SR.ini
[2019-07-17 23:13:06]	therm2_events	0	[output]	./PD_Radek_old/	fmultiplicity_2434E461.txt
[2019-07-17 23:32:47]	therm2_events	0	[input]	./events.ini	0
[2019-07-17 23:32:47]	therm2_events	0	[input]	./fomodel/SR.ini
[2019-07-18 00:05:01]	therm2_events	0	[output]	./PD_Radek_new/	fmultiplicity_4F209FB7.txt
[2019-07-31 00:15:13]	therm2_events	0	[input]	./events.ini	0
[2019-07-31 00:15:13]	therm2_events	0	[input]	./fomodel/SR.ini
[2019-07-31 00:43:32]	therm2_events	0	[output]	./PDT_Radek_new/	fmultiplicity_ADF0B468.txt
[2019-07-31 00:58:24]	therm2_events	0	[output]	./PDT_Radek_new/	"event000.root-event009.root"	[events]	10	5000	500
[2019-09-18 16:26:06]	therm2_events	0	[input]	./events.ini	0
[2019-09-18 16:26:06]	therm2_events	0	[input]	./fomodel/SR.ini
[2019-09-18 16:57:52]	therm2_events	0	[output]	./events_sr_Hubble_orgAh_PMLRadek/	fmultiplicity_2434E461.txt
[2019-09-18 16:59:19]	therm2_events	0	[output]	./events_sr_Hubble_orgAh_PMLRadek/	"event000.root"	[events]	1	500	500
[2019-09-18 18:05:21]	therm2_events	0	[input]	./events.ini	0
[2019-09-18 18:05:21]	therm2_events	0	[input]	./fomodel/SR.ini
[2019-09-18 18:37:59]	therm2_events	0	[output]	./events_sr_Hubble_orgAh_PMLRade_pdk/	fmultiplicity_69A7FF1A.txt
[2019-09-18 18:39:20]	therm2_events	0	[output]	./events_sr_Hubble_orgAh_PMLRade_pdk/	"event000.root"	[events]	1	500	500
[2019-09-18 18:42:06]	therm2_events	0	[input]	./events.ini	0
[2019-09-18 18:42:06]	therm2_events	0	[input]	./fomodel/SR.ini
[2019-09-18 19:14:00]	therm2_events	0	[output]	./events_sr_Hubble_orgAh_PMLRade_pdCoorrectAh/	fmultiplicity_F29BA359.txt
[2019-09-18 19:18:44]	therm2_events	0	[output]	./events_sr_Hubble_orgAh_PMLRade_pdCoorrectAh/	"event000.root"	[events]	1	500	500
[2019-09-18 20:54:27]	therm2_events	0	[input]	./events.ini	0
[2019-09-18 20:54:27]	therm2_events	0	[input]	./fomodel/SR.ini
[2019-09-18 21:25:45]	therm2_events	0	[output]	./events_sr_Hubble_orgAh_PMLRade_pdCoorrectAh/	fmultiplicity_64265A6A.txt
[2019-09-18 21:50:29]	therm2_events	0	[output]	./events_sr_Hubble_orgAh_PMLRade_pdCoorrectAh/	"event000.root-event009.root"	[events]	10	5000	500
[2019-09-23 13:35:37]	therm2_events	0	[input]	./events.ini	0
[2019-09-23 13:35:37]	therm2_events	0	[input]	./fomodel/SR.ini
[2019-09-23 14:05:19]	therm2_events	0	[output]	./events_sr_Hubble_full/	fmultiplicity_9445A2B5.txt
[2019-09-23 14:08:24]	therm2_events	0	[input]	./events.ini	0
[2019-09-23 14:08:24]	therm2_events	0	[input]	./fomodel/SR.ini
[2019-09-23 14:37:48]	therm2_events	0	[output]	./events_sr_Hubble_full/	fmultiplicity_D2C3B7B1.txt
[2019-09-23 14:57:19]	therm2_events	0	[output]	./events_sr_Hubble_full/	"event000.root-event009.root"	[events]	10	5000	500
[2019-09-24 15:18:25]	therm2_events	0	[input]	./events.ini	0
[2019-09-24 15:18:25]	therm2_events	0	[input]	./fomodel/SR.ini
[2019-09-24 15:43:28]	therm2_events	0	[output]	././events_sr_Hubble_full_noPML_AHmin/	fmultiplicity_ACCC375C.txt
[2019-09-24 16:17:45]	therm2_events	0	[input]	./events.ini	0
[2019-09-24 16:17:45]	therm2_events	0	[input]	./fomodel/SR.ini
[2019-09-24 16:42:46]	therm2_events	0	[output]	././events_sr_Hubble_full_noPML_A0Hmin/	fmultiplicity_DC75D93D.txt
[2019-09-24 17:17:16]	therm2_events	0	[output]	././events_sr_Hubble_full_noPML_A0Hmin/	"event000.root-event019.root"	[events]	20	10000	500
[2019-09-24 17:23:19]	therm2_events	0	[input]	./events.ini	0
[2019-09-24 17:23:19]	therm2_events	0	[input]	./fomodel/SR.ini
[2019-09-24 17:52:36]	therm2_events	0	[output]	././events_sr_Hubble_full_test/	fmultiplicity_D2C3B7B1.txt
[2019-09-24 18:31:35]	therm2_events	0	[output]	././events_sr_Hubble_full_test/	"event000.root-event019.root"	[events]	20	10000	500
[2019-09-24 23:54:03]	therm2_events	0	[input]	./events.ini	0
[2019-09-24 23:54:03]	therm2_events	0	[input]	./fomodel/SR.ini
[2019-09-25 00:23:37]	therm2_events	0	[output]	././events_sr_Hubble_full_withPML_A0Hmin1/	fmultiplicity_B49BAC0C.txt
[2019-09-25 03:48:11]	therm2_events	0	[output]	././events_sr_Hubble_full_withPML_A0Hmin1/	"event000.root-event099.root"	[events]	100	50000	500
[2019-09-25 10:02:15]	therm2_events	0	[input]	./events.ini	0
[2019-09-25 10:02:15]	therm2_events	0	[input]	./fomodel/SR.ini
[2019-09-25 10:26:51]	therm2_events	0	[output]	././events_sr_Hubble_full_noPML_A0Hmin_new1/	fmultiplicity_DC75D93D.txt
[2019-09-25 13:22:12]	therm2_events	0	[output]	././events_sr_Hubble_full_noPML_A0Hmin_new1/	"event000.root-event099.root"	[events]	100	50000	500
[2019-10-01 13:04:08]	therm2_events	0	[input]	./events.ini	0
[2019-10-01 13:04:08]	therm2_events	0	[input]	./fomodel/SR.ini
[2020-01-07 21:54:29]	therm2_events	0	[input]	./events.ini	0
[2020-01-07 21:54:29]	therm2_events	0	[input]	./fomodel/SR.ini
[2020-02-20 18:41:46]	therm2_events	0	[input]	./events.ini	0
[2020-02-20 18:41:46]	therm2_events	0	[input]	./fomodel/SR.ini
[2020-02-20 19:06:06]	therm2_events	0	[output]	././events_sr_Hubble_PML_A0Hmin_ptdHe3/	fmultiplicity_E979229A.txt
[2020-02-20 19:09:41]	therm2_events	0	[output]	././events_sr_Hubble_PML_A0Hmin_ptdHe3/	"event000.root"	[events]	1	5000	50000
[2020-02-20 20:24:04]	therm2_events	0	[input]	./events.ini	0
[2020-02-20 20:24:04]	therm2_events	0	[input]	./fomodel/SR.ini
[2020-02-20 20:48:43]	therm2_events	0	[output]	././events_sr_Hubble_PML_A0Hmin_ptdHe3/	fmultiplicity_E979229A.txt
[2020-02-20 21:24:33]	therm2_events	0	[output]	././events_sr_Hubble_PML_A0Hmin_ptdHe3/	"event000.root"	[events]	1	50000	50000
[2020-02-24 18:53:07]	therm2_events	0	[input]	./events.ini	0
[2020-02-24 18:53:07]	therm2_events	0	[input]	./fomodel/SR.ini
[2020-02-24 19:18:04]	therm2_events	0	[output]	././events_sr_Hubble_PML_Blast06_ptdHe3/	fmultiplicity_E979229A.txt
[2020-02-24 19:27:24]	therm2_events	0	[input]	./events.ini	0
[2020-02-24 19:27:24]	therm2_events	0	[input]	./fomodel/SR.ini
[2020-02-24 19:27:24]	therm2_events	0	[input]	././events_sr_Hubble_PML_Blast06_ptdHe3/fmultiplicity_E979229A.txt
[2020-02-24 19:30:20]	therm2_events	0	[input]	./events.ini	0
[2020-02-24 19:30:20]	therm2_events	0	[input]	./fomodel/SR.ini
[2020-02-24 19:55:38]	therm2_events	0	[output]	././events_sr_Hubble_PML_Blast06_ptdHe3/	fmultiplicity_E979229A.txt
[2020-02-24 20:04:22]	therm2_events	0	[input]	./events.ini	0
[2020-02-24 20:04:22]	therm2_events	0	[input]	./fomodel/SR.ini
[2020-02-24 20:29:30]	therm2_events	0	[output]	././events_sr_Hubble_PML_Blast06_ptdHe3/	fmultiplicity_E979229A.txt
[2020-02-24 20:35:04]	therm2_events	0	[input]	./events.ini	0
[2020-02-24 20:35:04]	therm2_events	0	[input]	./fomodel/SR.ini
[2020-02-24 20:59:31]	therm2_events	0	[output]	././events_sr_Hubble_PML_Blast05_ptdHe3/	fmultiplicity_E979229A.txt
[2020-02-25 00:32:24]	therm2_events	0	[output]	././events_sr_Hubble_PML_Blast05_ptdHe3/	"event000.root"	[events]	1	50000	50000
[2020-11-17 09:24:56]	therm2_events	0	[input]	./events.ini	0
[2020-11-17 09:24:56]	therm2_events	0	[input]	./fomodel/SR.ini
